Sample Projects/mopub_interstitial_sample/build/outputs/logs/manifest-merger-debug-report.txt
-- Merging decision tree log ---
manifest
ADDED from src/main/AndroidManifest.xml:2:1-31:12
	xmlns:android
		ADDED from src/main/AndroidManifest.xml:2:11-69
	package
		ADDED from src/main/AndroidManifest.xml:3:2-52
		INJECTED from src/main/AndroidManifest.xml
		INJECTED from src/main/AndroidManifest.xml
	android:versionName
		INJECTED from src/main/AndroidManifest.xml
		INJECTED from src/main/AndroidManifest.xml
	android:versionCode
		INJECTED from src/main/AndroidManifest.xml
		INJECTED from src/main/AndroidManifest.xml
application
ADDED from src/main/AndroidManifest.xml:5:2-29:16
MERGED from [Sample Projects:verve_import:unspecified] AndroidManifest.xml:12:5-20
MERGED from [com.android.support:support-v4:23.0.0] AndroidManifest.xml:22:5-20
MERGED from [com.android.support:appcompat-v7:22.2.1] AndroidManifest.xml:22:5-20
MERGED from [com.android.support:support-v4:23.0.0] AndroidManifest.xml:22:5-20
MERGED from [com.android.support:support-v4:23.0.0] AndroidManifest.xml:22:5-20
MERGED from [com.google.android.gms:play-services-ads:8.4.0] AndroidManifest.xml:24:5-32:19
MERGED from [com.google.android.gms:play-services-basement:8.4.0] AndroidManifest.xml:20:5-24:19
MERGED from [com.android.support:support-v4:23.0.0] AndroidManifest.xml:22:5-20
MERGED from [com.google.android.gms:play-services-location:8.4.0] AndroidManifest.xml:19:5-20
MERGED from [com.google.android.gms:play-services-basement:8.4.0] AndroidManifest.xml:20:5-24:19
MERGED from [com.android.support:support-v4:23.0.0] AndroidManifest.xml:22:5-20
MERGED from [com.google.android.gms:play-services-maps:8.4.0] AndroidManifest.xml:27:5-20
MERGED from [com.google.android.gms:play-services-basement:8.4.0] AndroidManifest.xml:20:5-24:19
MERGED from [com.android.support:support-v4:23.0.0] AndroidManifest.xml:22:5-20
MERGED from [com.google.android.gms:play-services-gcm:8.4.0] AndroidManifest.xml:24:5-20
MERGED from [com.google.android.gms:play-services-basement:8.4.0] AndroidManifest.xml:20:5-24:19
MERGED from [com.android.support:support-v4:23.0.0] AndroidManifest.xml:22:5-20
MERGED from [com.google.android.gms:play-services-measurement:8.4.0] AndroidManifest.xml:26:5-46:19
MERGED from [com.google.android.gms:play-services-basement:8.4.0] AndroidManifest.xml:20:5-24:19
MERGED from [com.android.support:support-v4:23.0.0] AndroidManifest.xml:22:5-20
MERGED from [org.altbeacon:android-beacon-library:2.6.1] AndroidManifest.xml:16:5-35:19
MERGED from [Sample Projects:Verve_AdSDK_3.0.1:unspecified] AndroidManifest.xml:31:5-84:19
MERGED from [com.mopub:mopub-sdk:3.10.0] AndroidManifest.xml:11:5-20
MERGED from [com.android.support:support-v4:23.0.0] AndroidManifest.xml:22:5-20
MERGED from [com.android.support:support-v4:23.0.0] AndroidManifest.xml:22:5-20
	android:label
		ADDED from src/main/AndroidManifest.xml:6:3-35
	android:allowBackup
		ADDED from src/main/AndroidManifest.xml:5:15-41
	android:icon
		ADDED from src/main/AndroidManifest.xml:7:3-39
	android:name
		ADDED from src/main/AndroidManifest.xml:8:3-53
activity#com.mopub.mobileads.example.interstitial.InterstitialSample
ADDED from src/main/AndroidManifest.xml:10:3-15:14
	android:name
		ADDED from src/main/AndroidManifest.xml:10:13-47
intent-filter#android.intent.action.MAIN+android.intent.category.LAUNCHER
ADDED from src/main/AndroidManifest.xml:11:4-14:20
action#android.intent.action.MAIN
ADDED from src/main/AndroidManifest.xml:12:5-57
	android:name
		ADDED from src/main/AndroidManifest.xml:12:13-54
category#android.intent.category.LAUNCHER
ADDED from src/main/AndroidManifest.xml:13:5-65
	android:name
		ADDED from src/main/AndroidManifest.xml:13:15-62
activity#com.mopub.mobileads.MoPubActivity
ADDED from src/main/AndroidManifest.xml:17:3-18:67
	android:configChanges
		ADDED from src/main/AndroidManifest.xml:18:4-65
	android:name
		ADDED from src/main/AndroidManifest.xml:17:13-61
activity#com.mopub.mobileads.MraidActivity
ADDED from src/main/AndroidManifest.xml:20:3-21:67
	android:configChanges
		ADDED from src/main/AndroidManifest.xml:21:4-65
	android:name
		ADDED from src/main/AndroidManifest.xml:20:13-61
activity#com.mopub.common.MoPubBrowser
ADDED from src/main/AndroidManifest.xml:23:3-24:67
	android:configChanges
		ADDED from src/main/AndroidManifest.xml:24:4-65
	android:name
		ADDED from src/main/AndroidManifest.xml:23:13-57
activity#com.mopub.mobileads.MraidVideoPlayerActivity
ADDED from src/main/AndroidManifest.xml:26:3-27:67
	android:configChanges
		ADDED from src/main/AndroidManifest.xml:27:4-65
	android:name
		ADDED from src/main/AndroidManifest.xml:26:13-72
uses-sdk
INJECTED from src/main/AndroidManifest.xml reason: use-sdk injection requested
MERGED from [Sample Projects:verve_import:unspecified] AndroidManifest.xml:8:5-10:41
MERGED from [com.android.support:support-v4:23.0.0] AndroidManifest.xml:20:5-43
MERGED from [com.android.support:appcompat-v7:22.2.1] AndroidManifest.xml:20:5-43
MERGED from [com.android.support:support-v4:23.0.0] AndroidManifest.xml:20:5-43
MERGED from [com.android.support:recyclerview-v7:22.2.1] AndroidManifest.xml:20:5-43
MERGED from [com.android.support:support-v4:23.0.0] AndroidManifest.xml:20:5-43
MERGED from [com.google.android.gms:play-services-ads:8.4.0] AndroidManifest.xml:23:5-42
MERGED from [com.google.android.gms:play-services-basement:8.4.0] AndroidManifest.xml:18:5-42
MERGED from [com.android.support:support-v4:23.0.0] AndroidManifest.xml:20:5-43
MERGED from [com.google.android.gms:play-services-location:8.4.0] AndroidManifest.xml:18:5-42
MERGED from [com.google.android.gms:play-services-base:8.4.0] AndroidManifest.xml:18:5-42
MERGED from [com.google.android.gms:play-services-basement:8.4.0] AndroidManifest.xml:18:5-42
MERGED from [com.android.support:support-v4:23.0.0] AndroidManifest.xml:20:5-43
MERGED from [com.google.android.gms:play-services-maps:8.4.0] AndroidManifest.xml:26:5-42
MERGED from [com.google.android.gms:play-services-base:8.4.0] AndroidManifest.xml:18:5-42
MERGED from [com.google.android.gms:play-services-basement:8.4.0] AndroidManifest.xml:18:5-42
MERGED from [com.android.support:support-v4:23.0.0] AndroidManifest.xml:20:5-43
MERGED from [com.google.android.gms:play-services-gcm:8.4.0] AndroidManifest.xml:18:5-42
MERGED from [com.google.android.gms:play-services-base:8.4.0] AndroidManifest.xml:18:5-42
MERGED from [com.google.android.gms:play-services-basement:8.4.0] AndroidManifest.xml:18:5-42
MERGED from [com.android.support:support-v4:23.0.0] AndroidManifest.xml:20:5-43
MERGED from [com.google.android.gms:play-services-measurement:8.4.0] AndroidManifest.xml:18:5-42
MERGED from [com.google.android.gms:play-services-basement:8.4.0] AndroidManifest.xml:18:5-42
MERGED from [com.android.support:support-v4:23.0.0] AndroidManifest.xml:20:5-43
MERGED from [org.altbeacon:android-beacon-library:2.6.1] AndroidManifest.xml:7:5-9:41
MERGED from [Sample Projects:VRV-moat-mobile-app-kit-1.2.3:unspecified] AndroidManifest.xml:7:5-9:41
MERGED from [Sample Projects:Verve_AdSDK_3.0.1:unspecified] AndroidManifest.xml:7:5-9:41
MERGED from [com.mopub:mopub-sdk:3.10.0] AndroidManifest.xml:7:5-9:41
MERGED from [com.android.support:recyclerview-v7:22.2.1] AndroidManifest.xml:20:5-43
MERGED from [com.android.support:support-v4:23.0.0] AndroidManifest.xml:20:5-43
MERGED from [com.android.support:support-v4:23.0.0] AndroidManifest.xml:20:5-43
	android:targetSdkVersion
		INJECTED from src/main/AndroidManifest.xml
		INJECTED from src/main/AndroidManifest.xml
	android:minSdkVersion
		INJECTED from src/main/AndroidManifest.xml
		INJECTED from src/main/AndroidManifest.xml
uses-permission#android.permission.INTERNET
ADDED from [com.google.android.gms:play-services-ads:8.4.0] AndroidManifest.xml:20:5-66
MERGED from [com.google.android.gms:play-services-maps:8.4.0] AndroidManifest.xml:21:5-66
MERGED from [com.google.android.gms:play-services-gcm:8.4.0] AndroidManifest.xml:22:5-67
MERGED from [com.google.android.gms:play-services-measurement:8.4.0] AndroidManifest.xml:21:5-67
MERGED from [Sample Projects:Verve_AdSDK_3.0.1:unspecified] AndroidManifest.xml:11:5-67
	android:name
		ADDED from [com.google.android.gms:play-services-ads:8.4.0] AndroidManifest.xml:20:22-64
uses-permission#android.permission.ACCESS_NETWORK_STATE
ADDED from [com.google.android.gms:play-services-ads:8.4.0] AndroidManifest.xml:21:5-78
MERGED from [com.google.android.gms:play-services-maps:8.4.0] AndroidManifest.xml:20:5-78
MERGED from [com.google.android.gms:play-services-measurement:8.4.0] AndroidManifest.xml:22:5-79
MERGED from [Sample Projects:Verve_AdSDK_3.0.1:unspecified] AndroidManifest.xml:18:5-79
	android:name
		ADDED from [com.google.android.gms:play-services-ads:8.4.0] AndroidManifest.xml:21:22-76
activity#com.google.android.gms.ads.AdActivity
ADDED from [com.google.android.gms:play-services-ads:8.4.0] AndroidManifest.xml:26:9-29:64
	android:configChanges
		ADDED from [com.google.android.gms:play-services-ads:8.4.0] AndroidManifest.xml:28:13-122
	android:theme
		ADDED from [com.google.android.gms:play-services-ads:8.4.0] AndroidManifest.xml:29:13-61
	android:name
		ADDED from [com.google.android.gms:play-services-ads:8.4.0] AndroidManifest.xml:27:13-65
activity#com.google.android.gms.ads.purchase.InAppPurchaseActivity
ADDED from [com.google.android.gms:play-services-ads:8.4.0] AndroidManifest.xml:30:9-31:52
	android:theme
		ADDED from [com.google.android.gms:play-services-ads:8.4.0] AndroidManifest.xml:31:13-50
	android:name
		ADDED from [com.google.android.gms:play-services-ads:8.4.0] AndroidManifest.xml:30:19-91
meta-data#com.google.android.gms.version
ADDED from [com.google.android.gms:play-services-basement:8.4.0] AndroidManifest.xml:21:9-23:69
MERGED from [com.google.android.gms:play-services-basement:8.4.0] AndroidManifest.xml:21:9-23:69
MERGED from [com.google.android.gms:play-services-basement:8.4.0] AndroidManifest.xml:21:9-23:69
MERGED from [com.google.android.gms:play-services-basement:8.4.0] AndroidManifest.xml:21:9-23:69
MERGED from [com.google.android.gms:play-services-basement:8.4.0] AndroidManifest.xml:21:9-23:69
MERGED from [Sample Projects:Verve_AdSDK_3.0.1:unspecified] AndroidManifest.xml:32:9-34:69
	android:name
		ADDED from [com.google.android.gms:play-services-basement:8.4.0] AndroidManifest.xml:22:13-58
	android:value
		ADDED from [com.google.android.gms:play-services-basement:8.4.0] AndroidManifest.xml:23:13-66
uses-feature#0x00020000
ADDED from [com.google.android.gms:play-services-maps:8.4.0] AndroidManifest.xml:22:5-24:33
	android:required
		ADDED from [com.google.android.gms:play-services-maps:8.4.0] AndroidManifest.xml:24:8-31
	android:glEsVersion
		ADDED from [com.google.android.gms:play-services-maps:8.4.0] AndroidManifest.xml:23:8-40
uses-permission#com.google.android.c2dm.permission.RECEIVE
ADDED from [com.google.android.gms:play-services-gcm:8.4.0] AndroidManifest.xml:21:5-82
MERGED from [Sample Projects:Verve_AdSDK_3.0.1:unspecified] AndroidManifest.xml:25:5-82
	android:name
		ADDED from [com.google.android.gms:play-services-gcm:8.4.0] AndroidManifest.xml:21:22-79
uses-permission#android.permission.WAKE_LOCK
ADDED from [com.google.android.gms:play-services-measurement:8.4.0] AndroidManifest.xml:24:5-67
MERGED from [Sample Projects:Verve_AdSDK_3.0.1:unspecified] AndroidManifest.xml:24:5-68
	android:name
		ADDED from [com.google.android.gms:play-services-measurement:8.4.0] AndroidManifest.xml:24:22-65
provider#com.google.android.gms.measurement.AppMeasurementContentProvider
ADDED from [com.google.android.gms:play-services-measurement:8.4.0] AndroidManifest.xml:28:7-31:37
	android:exported
		ADDED from [com.google.android.gms:play-services-measurement:8.4.0] AndroidManifest.xml:31:11-35
	android:authorities
		ADDED from [com.google.android.gms:play-services-measurement:8.4.0] AndroidManifest.xml:29:11-76
	android:name
		ADDED from [com.google.android.gms:play-services-measurement:8.4.0] AndroidManifest.xml:30:11-90
receiver#com.google.android.gms.measurement.AppMeasurementReceiver
ADDED from [com.google.android.gms:play-services-measurement:8.4.0] AndroidManifest.xml:33:7-39:18
	android:enabled
		ADDED from [com.google.android.gms:play-services-measurement:8.4.0] AndroidManifest.xml:35:11-33
	android:name
		ADDED from [com.google.android.gms:play-services-measurement:8.4.0] AndroidManifest.xml:34:11-83
intent-filter#com.google.android.gms.measurement.UPLOAD
ADDED from [com.google.android.gms:play-services-measurement:8.4.0] AndroidManifest.xml:36:9-38:25
action#com.google.android.gms.measurement.UPLOAD
ADDED from [com.google.android.gms:play-services-measurement:8.4.0] AndroidManifest.xml:37:11-77
	android:name
		ADDED from [com.google.android.gms:play-services-measurement:8.4.0] AndroidManifest.xml:37:19-75
service#com.google.android.gms.measurement.AppMeasurementService
ADDED from [com.google.android.gms:play-services-measurement:8.4.0] AndroidManifest.xml:41:7-44:37
	android:exported
		ADDED from [com.google.android.gms:play-services-measurement:8.4.0] AndroidManifest.xml:44:11-35
	android:enabled
		ADDED from [com.google.android.gms:play-services-measurement:8.4.0] AndroidManifest.xml:43:11-33
	android:name
		ADDED from [com.google.android.gms:play-services-measurement:8.4.0] AndroidManifest.xml:42:11-82
uses-permission#android.permission.BLUETOOTH
ADDED from [org.altbeacon:android-beacon-library:2.6.1] AndroidManifest.xml:11:5-68
MERGED from [Sample Projects:Verve_AdSDK_3.0.1:unspecified] AndroidManifest.xml:21:5-68
	android:name
		ADDED from [org.altbeacon:android-beacon-library:2.6.1] AndroidManifest.xml:11:22-65
uses-permission#android.permission.BLUETOOTH_ADMIN
ADDED from [org.altbeacon:android-beacon-library:2.6.1] AndroidManifest.xml:12:5-74
MERGED from [Sample Projects:Verve_AdSDK_3.0.1:unspecified] AndroidManifest.xml:22:5-74
	android:name
		ADDED from [org.altbeacon:android-beacon-library:2.6.1] AndroidManifest.xml:12:22-71
uses-permission#android.permission.RECEIVE_BOOT_COMPLETED
ADDED from [org.altbeacon:android-beacon-library:2.6.1] AndroidManifest.xml:13:5-81
MERGED from [Sample Projects:Verve_AdSDK_3.0.1:unspecified] AndroidManifest.xml:16:5-81
	android:name
		ADDED from [org.altbeacon:android-beacon-library:2.6.1] AndroidManifest.xml:13:22-78
uses-permission#android.permission.ACCESS_COARSE_LOCATION
ADDED from [org.altbeacon:android-beacon-library:2.6.1] AndroidManifest.xml:14:5-81
MERGED from [Sample Projects:Verve_AdSDK_3.0.1:unspecified] AndroidManifest.xml:12:5-81
	android:name
		ADDED from [org.altbeacon:android-beacon-library:2.6.1] AndroidManifest.xml:14:22-78
receiver#org.altbeacon.beacon.startup.StartupBroadcastReceiver
ADDED from [org.altbeacon:android-beacon-library:2.6.1] AndroidManifest.xml:17:9-23:20
	android:name
		ADDED from [org.altbeacon:android-beacon-library:2.6.1] AndroidManifest.xml:17:19-87
intent-filter#android.intent.action.ACTION_POWER_CONNECTED+android.intent.action.ACTION_POWER_DISCONNECTED+android.intent.action.BOOT_COMPLETED
ADDED from [org.altbeacon:android-beacon-library:2.6.1] AndroidManifest.xml:18:13-22:29
action#android.intent.action.BOOT_COMPLETED
ADDED from [org.altbeacon:android-beacon-library:2.6.1] AndroidManifest.xml:19:17-79
	android:name
		ADDED from [org.altbeacon:android-beacon-library:2.6.1] AndroidManifest.xml:19:25-76
action#android.intent.action.ACTION_POWER_CONNECTED
ADDED from [org.altbeacon:android-beacon-library:2.6.1] AndroidManifest.xml:20:17-87
	android:name
		ADDED from [org.altbeacon:android-beacon-library:2.6.1] AndroidManifest.xml:20:25-84
action#android.intent.action.ACTION_POWER_DISCONNECTED
ADDED from [org.altbeacon:android-beacon-library:2.6.1] AndroidManifest.xml:21:17-90
	android:name
		ADDED from [org.altbeacon:android-beacon-library:2.6.1] AndroidManifest.xml:21:25-87
service#org.altbeacon.beacon.service.BeaconService
ADDED from [org.altbeacon:android-beacon-library:2.6.1] AndroidManifest.xml:25:9-30:38
	android:label
		ADDED from [org.altbeacon:android-beacon-library:2.6.1] AndroidManifest.xml:30:13-35
	android:isolatedProcess
		ADDED from [org.altbeacon:android-beacon-library:2.6.1] AndroidManifest.xml:29:13-44
	android:exported
		ADDED from [org.altbeacon:android-beacon-library:2.6.1] AndroidManifest.xml:28:13-37
	android:enabled
		ADDED from [org.altbeacon:android-beacon-library:2.6.1] AndroidManifest.xml:27:13-35
	android:name
		ADDED from [org.altbeacon:android-beacon-library:2.6.1] AndroidManifest.xml:26:13-70
service#org.altbeacon.beacon.BeaconIntentProcessor
ADDED from [org.altbeacon:android-beacon-library:2.6.1] AndroidManifest.xml:31:9-34:40
	android:exported
		ADDED from [org.altbeacon:android-beacon-library:2.6.1] AndroidManifest.xml:34:13-37
	android:enabled
		ADDED from [org.altbeacon:android-beacon-library:2.6.1] AndroidManifest.xml:33:13-35
	android:name
		ADDED from [org.altbeacon:android-beacon-library:2.6.1] AndroidManifest.xml:32:13-70
library
ADDED from [Sample Projects:VRV-moat-mobile-app-kit-1.2.3:unspecified] AndroidManifest.xml:11:5-51
	android:name
		ADDED from [Sample Projects:VRV-moat-mobile-app-kit-1.2.3:unspecified] AndroidManifest.xml:11:14-48
uses-permission#android.permission.ACCESS_FINE_LOCATION
ADDED from [Sample Projects:Verve_AdSDK_3.0.1:unspecified] AndroidManifest.xml:13:5-79
	android:name
		ADDED from [Sample Projects:Verve_AdSDK_3.0.1:unspecified] AndroidManifest.xml:13:22-76
uses-permission#android.permission.READ_EXTERNAL_STORAGE
ADDED from [Sample Projects:Verve_AdSDK_3.0.1:unspecified] AndroidManifest.xml:14:5-80
	android:name
		ADDED from [Sample Projects:Verve_AdSDK_3.0.1:unspecified] AndroidManifest.xml:14:22-77
uses-permission#android.permission.WRITE_EXTERNAL_STORAGE
ADDED from [Sample Projects:Verve_AdSDK_3.0.1:unspecified] AndroidManifest.xml:15:5-81
	android:name
		ADDED from [Sample Projects:Verve_AdSDK_3.0.1:unspecified] AndroidManifest.xml:15:22-78
uses-permission#android.permission.ACCESS_WIFI_STATE
ADDED from [Sample Projects:Verve_AdSDK_3.0.1:unspecified] AndroidManifest.xml:17:5-76
	android:name
		ADDED from [Sample Projects:Verve_AdSDK_3.0.1:unspecified] AndroidManifest.xml:17:22-73
uses-permission#android.permission.BATTERY_STATS
ADDED from [Sample Projects:Verve_AdSDK_3.0.1:unspecified] AndroidManifest.xml:23:5-72
	android:name
		ADDED from [Sample Projects:Verve_AdSDK_3.0.1:unspecified] AndroidManifest.xml:23:22-69
uses-feature#android.hardware.location.gps
ADDED from [Sample Projects:Verve_AdSDK_3.0.1:unspecified] AndroidManifest.xml:27:5-29:36
	android:required
		ADDED from [Sample Projects:Verve_AdSDK_3.0.1:unspecified] AndroidManifest.xml:29:9-33
	android:name
		ADDED from [Sample Projects:Verve_AdSDK_3.0.1:unspecified] AndroidManifest.xml:28:9-53
activity#com.vervewireless.advert.AdActivity
ADDED from [Sample Projects:Verve_AdSDK_3.0.1:unspecified] AndroidManifest.xml:36:9-39:64
	android:configChanges
		ADDED from [Sample Projects:Verve_AdSDK_3.0.1:unspecified] AndroidManifest.xml:38:13-122
	android:theme
		ADDED from [Sample Projects:Verve_AdSDK_3.0.1:unspecified] AndroidManifest.xml:39:13-61
	android:name
		ADDED from [Sample Projects:Verve_AdSDK_3.0.1:unspecified] AndroidManifest.xml:37:13-63
activity#com.vervewireless.advert.FullscreenAdActivity
ADDED from [Sample Projects:Verve_AdSDK_3.0.1:unspecified] AndroidManifest.xml:40:9-42:125
	android:configChanges
		ADDED from [Sample Projects:Verve_AdSDK_3.0.1:unspecified] AndroidManifest.xml:42:13-122
	android:name
		ADDED from [Sample Projects:Verve_AdSDK_3.0.1:unspecified] AndroidManifest.xml:41:13-73
receiver#com.vervewireless.advert.LocalNotificationReceiver
ADDED from [Sample Projects:Verve_AdSDK_3.0.1:unspecified] AndroidManifest.xml:44:9-48:20
	android:name
		ADDED from [Sample Projects:Verve_AdSDK_3.0.1:unspecified] AndroidManifest.xml:44:19-84
intent-filter#android.intent.action.BOOT_COMPLETED
ADDED from [Sample Projects:Verve_AdSDK_3.0.1:unspecified] AndroidManifest.xml:45:13-47:29
receiver#com.vervewireless.advert.adattribution.VerveSupportReceiver
ADDED from [Sample Projects:Verve_AdSDK_3.0.1:unspecified] AndroidManifest.xml:49:9-53:20
	android:name
		ADDED from [Sample Projects:Verve_AdSDK_3.0.1:unspecified] AndroidManifest.xml:49:19-93
service#com.vervewireless.advert.adattribution.VerveSupportService
ADDED from [Sample Projects:Verve_AdSDK_3.0.1:unspecified] AndroidManifest.xml:55:9-57:40
	android:exported
		ADDED from [Sample Projects:Verve_AdSDK_3.0.1:unspecified] AndroidManifest.xml:57:13-37
	android:name
		ADDED from [Sample Projects:Verve_AdSDK_3.0.1:unspecified] AndroidManifest.xml:56:13-86
service#com.vervewireless.advert.adattribution.GeofenceTransitionService
ADDED from [Sample Projects:Verve_AdSDK_3.0.1:unspecified] AndroidManifest.xml:58:9-60:40
	android:exported
		ADDED from [Sample Projects:Verve_AdSDK_3.0.1:unspecified] AndroidManifest.xml:60:13-37
	android:name
		ADDED from [Sample Projects:Verve_AdSDK_3.0.1:unspecified] AndroidManifest.xml:59:13-92
service#com.gimbal.internal.service.GimbalService
ADDED from [Sample Projects:Verve_AdSDK_3.0.1:unspecified] AndroidManifest.xml:61:9-68:19
	android:exported
		ADDED from [Sample Projects:Verve_AdSDK_3.0.1:unspecified] AndroidManifest.xml:64:13-37
	android:enabled
		ADDED from [Sample Projects:Verve_AdSDK_3.0.1:unspecified] AndroidManifest.xml:63:13-35
	android:name
		ADDED from [Sample Projects:Verve_AdSDK_3.0.1:unspecified] AndroidManifest.xml:62:13-69
intent-filter#com.vervewireless.advert.service.GIMBAL_SERVICE
ADDED from [Sample Projects:Verve_AdSDK_3.0.1:unspecified] AndroidManifest.xml:65:13-67:29
action#com.vervewireless.advert.service.GIMBAL_SERVICE
ADDED from [Sample Projects:Verve_AdSDK_3.0.1:unspecified] AndroidManifest.xml:66:17-90
	android:name
		ADDED from [Sample Projects:Verve_AdSDK_3.0.1:unspecified] AndroidManifest.xml:66:25-87
receiver#com.gimbal.internal.service.GimbalServiceStartStopReceiver
ADDED from [Sample Projects:Verve_AdSDK_3.0.1:unspecified] AndroidManifest.xml:70:9-77:20
	android:enabled
		ADDED from [Sample Projects:Verve_AdSDK_3.0.1:unspecified] AndroidManifest.xml:72:13-35
	android:name
		ADDED from [Sample Projects:Verve_AdSDK_3.0.1:unspecified] AndroidManifest.xml:71:13-86
intent-filter#android.intent.action.ACTION_SHUTDOWN+android.intent.action.BOOT_COMPLETED
ADDED from [Sample Projects:Verve_AdSDK_3.0.1:unspecified] AndroidManifest.xml:73:13-76:29
action#android.intent.action.ACTION_SHUTDOWN
ADDED from [Sample Projects:Verve_AdSDK_3.0.1:unspecified] AndroidManifest.xml:75:17-80
	android:name
		ADDED from [Sample Projects:Verve_AdSDK_3.0.1:unspecified] AndroidManifest.xml:75:25-77
service#com.vervewireless.advert.beacon.BeaconService
ADDED from [Sample Projects:Verve_AdSDK_3.0.1:unspecified] AndroidManifest.xml:79:9-83:19
	android:exported
		ADDED from [Sample Projects:Verve_AdSDK_3.0.1:unspecified] AndroidManifest.xml:82:13-37
	android:enabled
		ADDED from [Sample Projects:Verve_AdSDK_3.0.1:unspecified] AndroidManifest.xml:81:13-35
	android:name
		ADDED from [Sample Projects:Verve_AdSDK_3.0.1:unspecified] AndroidManifest.xml:80:13-73